\BOOKMARK [0][-]{chapter*.2}{Sperrvermerk}{}% 1
\BOOKMARK [0][-]{chapter*.4}{Abk\374rzungsverzeichnis}{}% 2
\BOOKMARK [0][-]{chapter*.5}{Symbolverzeichnis}{}% 3
\BOOKMARK [0][-]{chapter*.6}{Abbildungsverzeichnis}{}% 4
\BOOKMARK [0][-]{chapter.1}{Einleitung}{}% 5
\BOOKMARK [0][-]{chapter.2}{Entwicklung der BMS-Algorithmus}{}% 6
\BOOKMARK [1][-]{section.2.1}{Einf\374hrung in die B\046R Steuerung}{chapter.2}% 7
\BOOKMARK [1][-]{section.2.2}{Erstellung eines BMS-Planes}{chapter.2}% 8
\BOOKMARK [1][-]{section.2.3}{BMS Algorithmus in C entwickeln}{chapter.2}% 9
\BOOKMARK [1][-]{section.2.4}{Umwandlung in den \214Strukturierten Text\215 ST}{chapter.2}% 10
\BOOKMARK [1][-]{section.2.5}{Resultate}{chapter.2}% 11
\BOOKMARK [0][-]{chapter.3}{Web-Visualisierung}{}% 12
\BOOKMARK [1][-]{section.3.1}{Arbeitsverteilung/ Zielstellung}{chapter.3}% 13
\BOOKMARK [1][-]{section.3.2}{Konzipierung}{chapter.3}% 14
\BOOKMARK [1][-]{section.3.3}{Website - Entwicklung}{chapter.3}% 15
\BOOKMARK [1][-]{section.3.4}{Website online machen}{chapter.3}% 16
\BOOKMARK [1][-]{section.3.5}{Die postgreSQL-Datenbank}{chapter.3}% 17
\BOOKMARK [1][-]{section.3.6}{Dynamische Umsetzung \(PHP\)}{chapter.3}% 18
\BOOKMARK [1][-]{section.3.7}{Daten Visualisieren}{chapter.3}% 19
\BOOKMARK [0][-]{chapter.4}{Zusammenfassung und Ausblick}{}% 20
\BOOKMARK [0][-]{chapter*.13}{Anhang}{}% 21
\BOOKMARK [0][-]{chapter*.14}{Eidesstattliche Erkl\344rung}{}% 22
