\BOOKMARK [0][-]{chapter*.3}{Sperrvermerk}{}% 1
\BOOKMARK [0][-]{chapter*.5}{Abk\374rzungsverzeichnis}{}% 2
\BOOKMARK [0][-]{chapter*.6}{Symbolverzeichnis}{}% 3
\BOOKMARK [0][-]{chapter*.9}{Abbildungsverzeichnis}{}% 4
\BOOKMARK [0][-]{chapter*.10}{Tabellenverzeichnis}{}% 5
\BOOKMARK [0][-]{chapter*.11}{Einleitung}{}% 6
\BOOKMARK [0][-]{chapter.1}{Grundlagen}{}% 7
\BOOKMARK [1][-]{section.1.1}{Allgemeines}{chapter.1}% 8
\BOOKMARK [1][-]{section.1.2}{Einleitung}{chapter.1}% 9
\BOOKMARK [1][-]{section.1.3}{Bindung}{chapter.1}% 10
\BOOKMARK [1][-]{section.1.4}{Elektronische Form}{chapter.1}% 11
\BOOKMARK [1][-]{section.1.5}{Formatierung}{chapter.1}% 12
\BOOKMARK [2][-]{subsection.1.5.1}{Allgemeines}{section.1.5}% 13
\BOOKMARK [2][-]{subsection.1.5.2}{Abk\374rzungen und physikalische Gr\366\337en}{section.1.5}% 14
\BOOKMARK [2][-]{subsection.1.5.3}{Abs\344tze und \334berschriften}{section.1.5}% 15
\BOOKMARK [2][-]{subsection.1.5.4}{Schriftgr\366\337e und Zeilenabstand}{section.1.5}% 16
\BOOKMARK [1][-]{section.1.6}{Rechtschreibung und Grammatik}{chapter.1}% 17
\BOOKMARK [1][-]{section.1.7}{Quellen und Zitate}{chapter.1}% 18
\BOOKMARK [1][-]{section.1.8}{Fussnoten}{chapter.1}% 19
\BOOKMARK [1][-]{section.1.9}{Abbildungen und Tabellen}{chapter.1}% 20
\BOOKMARK [1][-]{section.1.10}{Formeln}{chapter.1}% 21
\BOOKMARK [1][-]{section.1.11}{Ver\366ffentlichung}{chapter.1}% 22
\BOOKMARK [1][-]{section.1.12}{Kommentare am rechten Blattrand}{chapter.1}% 23
\BOOKMARK [0][-]{chapter.2}{Betreuung des Studenten}{}% 24
\BOOKMARK [0][-]{chapter.3}{Zusammenfassung und Ausblick}{}% 25
\BOOKMARK [0][-]{chapter*.17}{Indizes}{}% 26
\BOOKMARK [0][-]{chapter*.18}{Eidesstattliche Erkl\344rung}{}% 27
\BOOKMARK [0][-]{chapter*.19}{Anhang}{}% 28
\BOOKMARK [0][-]{chapter*.20}{Datentr\344ger}{}% 29
